2025-07-03 23:38:15,707 - src.plugins - INFO - Indicador 'sma' registrado exitosamente
2025-07-03 23:38:15,708 - src.plugins - INFO - Indicador 'ema' registrado exitosamente
2025-07-03 23:38:15,709 - src.plugins - INFO - Indicador 'rsi' registrado exitosamente
2025-07-03 23:38:15,711 - src.plugins - INFO - Indicador 'bollinger_bands' registrado exitosamente
2025-07-03 23:38:15,713 - src.plugins - INFO - Indicador 'macd' registrado exitosamente
2025-07-03 23:38:15,715 - src.plugins - INFO - Indicador 'atr' registrado exitosamente
2025-07-03 23:38:15,717 - src.plugins - INFO - Indicador 'stochastic' registrado exitosamente
2025-07-03 23:38:15,719 - src.plugins - INFO - Indicador 'volume_sma' registrado exitosamente
2025-07-03 23:38:15,721 - src.plugins - INFO - Indicador 'price_volume_trend' registrado exitosamente
2025-07-03 23:38:15,722 - src.plugins - INFO - Indicador 'momentum' registrado exitosamente
2025-07-03 23:38:15,724 - src.plugins - INFO - Indicador 'volatility' registrado exitosamente
2025-07-03 23:38:15,725 - src.plugins - INFO - Indicador 'support_resistance' registrado exitosamente
2025-07-03 23:38:15,737 - src.utils - INFO - Configuración cargada exitosamente desde: C:\Users\DELL-LATITUDE\Documents\My_Projects\PYTHON\trading_quantitative\config\config.yaml
2025-07-03 23:38:15,742 - src.feature_engine - INFO - FeatureEngine inicializado con 4348 registros
2025-07-03 23:39:12,722 - src.feature_engine - WARNING - Valores faltantes detectados en rsi, aplicando imputación
2025-07-03 23:39:12,733 - src.feature_engine - INFO - Serie rsi normalizada con minmax
2025-07-03 23:39:12,735 - src.feature_engine - INFO - Feature 'rsi_period14' añadido exitosamente
2025-07-03 23:39:12,736 - src.feature_engine - ERROR - Error calculando indicador bollinger_bands: 'function' object has no attribute 'BollingerBands'
2025-07-03 23:44:36,806 - src.feature_engine - INFO - Usando cache para rsi{'period': 14}
2025-07-03 23:44:36,808 - src.feature_engine - INFO - Feature 'rsi_period14' añadido exitosamente
2025-07-03 23:44:36,809 - src.feature_engine - ERROR - Error calculando indicador bollinger_bands: 'function' object has no attribute 'BollingerBands'
2025-07-03 23:50:22,797 - src.plugins - INFO - Indicador 'sma' registrado exitosamente
2025-07-03 23:50:22,798 - src.plugins - INFO - Indicador 'ema' registrado exitosamente
2025-07-03 23:50:22,799 - src.plugins - INFO - Indicador 'rsi' registrado exitosamente
2025-07-03 23:50:22,799 - src.plugins - INFO - Indicador 'bollinger_bands' registrado exitosamente
2025-07-03 23:50:22,800 - src.plugins - INFO - Indicador 'macd' registrado exitosamente
2025-07-03 23:50:22,802 - src.plugins - INFO - Indicador 'atr' registrado exitosamente
2025-07-03 23:50:22,803 - src.plugins - INFO - Indicador 'stochastic' registrado exitosamente
2025-07-03 23:50:22,803 - src.plugins - INFO - Indicador 'volume_sma' registrado exitosamente
2025-07-03 23:50:22,804 - src.plugins - INFO - Indicador 'price_volume_trend' registrado exitosamente
2025-07-03 23:50:22,805 - src.plugins - INFO - Indicador 'momentum' registrado exitosamente
2025-07-03 23:50:22,805 - src.plugins - INFO - Indicador 'volatility_hist' registrado exitosamente
2025-07-03 23:50:22,806 - src.plugins - INFO - Indicador 'support_resistance' registrado exitosamente
2025-07-03 23:50:22,811 - src.utils - INFO - Configuración cargada exitosamente desde: C:\Users\DELL-LATITUDE\Documents\My_Projects\PYTHON\trading_quantitative\config\config.yaml
2025-07-03 23:50:22,813 - src.feature_engine - INFO - FeatureEngine inicializado con 4348 registros
2025-07-03 23:50:27,059 - src.feature_engine - ERROR - Error calculando indicador rsi: 'function' object has no attribute 'rsi'
2025-07-03 23:55:42,432 - src.feature_engine - ERROR - Error calculando indicador rsi: 'function' object has no attribute 'rsi'
2025-07-03 23:56:13,050 - src.plugins - INFO - Indicador 'sma' registrado exitosamente
2025-07-03 23:56:13,051 - src.plugins - INFO - Indicador 'ema' registrado exitosamente
2025-07-03 23:56:13,052 - src.plugins - INFO - Indicador 'rsi' registrado exitosamente
2025-07-03 23:56:13,053 - src.plugins - INFO - Indicador 'bollinger_bands' registrado exitosamente
2025-07-03 23:56:13,054 - src.plugins - INFO - Indicador 'macd' registrado exitosamente
2025-07-03 23:56:13,054 - src.plugins - INFO - Indicador 'atr' registrado exitosamente
2025-07-03 23:56:13,055 - src.plugins - INFO - Indicador 'stochastic' registrado exitosamente
2025-07-03 23:56:13,056 - src.plugins - INFO - Indicador 'volume_sma' registrado exitosamente
2025-07-03 23:56:13,056 - src.plugins - INFO - Indicador 'price_volume_trend' registrado exitosamente
2025-07-03 23:56:13,057 - src.plugins - INFO - Indicador 'momentum' registrado exitosamente
2025-07-03 23:56:13,058 - src.plugins - INFO - Indicador 'volatility_hist' registrado exitosamente
2025-07-03 23:56:13,059 - src.plugins - INFO - Indicador 'support_resistance' registrado exitosamente
2025-07-03 23:56:13,064 - src.utils - INFO - Configuración cargada exitosamente desde: C:\Users\DELL-LATITUDE\Documents\My_Projects\PYTHON\trading_quantitative\config\config.yaml
2025-07-03 23:56:13,066 - src.feature_engine - INFO - FeatureEngine inicializado con 4348 registros
2025-07-03 23:56:16,490 - src.feature_engine - ERROR - Error calculando indicador rsi: tm() got an unexpected keyword argument 'window'
2025-07-04 00:02:39,068 - src.plugins - INFO - Indicador 'sma' registrado exitosamente
2025-07-04 00:02:39,079 - src.plugins - INFO - Indicador 'ema' registrado exitosamente
2025-07-04 00:02:39,079 - src.plugins - INFO - Indicador 'rsi' registrado exitosamente
2025-07-04 00:02:39,080 - src.plugins - INFO - Indicador 'bollinger_bands' registrado exitosamente
2025-07-04 00:02:39,081 - src.plugins - INFO - Indicador 'macd' registrado exitosamente
2025-07-04 00:02:39,082 - src.plugins - INFO - Indicador 'atr' registrado exitosamente
2025-07-04 00:02:39,082 - src.plugins - INFO - Indicador 'stochastic' registrado exitosamente
2025-07-04 00:02:39,083 - src.plugins - INFO - Indicador 'volume_sma' registrado exitosamente
2025-07-04 00:02:39,084 - src.plugins - INFO - Indicador 'price_volume_trend' registrado exitosamente
2025-07-04 00:02:39,084 - src.plugins - INFO - Indicador 'momentum' registrado exitosamente
2025-07-04 00:02:39,085 - src.plugins - INFO - Indicador 'volatility' registrado exitosamente
2025-07-04 00:02:39,086 - src.plugins - INFO - Indicador 'support_resistance' registrado exitosamente
2025-07-04 00:02:39,093 - src.utils - INFO - Configuración cargada exitosamente desde: C:\Users\DELL-LATITUDE\Documents\My_Projects\PYTHON\trading_quantitative\config\config.yaml
2025-07-04 00:02:39,095 - src.feature_engine - INFO - FeatureEngine inicializado con 4348 registros
2025-07-04 00:02:41,496 - src.feature_engine - WARNING - Valores faltantes detectados en rsi, aplicando imputación
2025-07-04 00:02:41,502 - src.feature_engine - INFO - Serie rsi normalizada con minmax
2025-07-04 00:02:41,504 - src.feature_engine - INFO - Feature 'rsi_period14' añadido exitosamente
2025-07-04 00:02:41,522 - src.feature_engine - INFO - Añadido indicador múltiple bollinger_bands con 5 features
2025-07-04 00:02:41,526 - src.feature_engine - INFO - Serie ema normalizada con standard
2025-07-04 00:02:41,526 - src.feature_engine - INFO - Feature 'ema_period12' añadido exitosamente
2025-07-04 00:02:41,529 - src.feature_engine - INFO - Serie ema normalizada con standard
2025-07-04 00:02:41,530 - src.feature_engine - INFO - Feature 'ema_period26' añadido exitosamente
2025-07-04 00:02:41,532 - src.feature_engine - WARNING - Valores faltantes detectados en sma, aplicando imputación
2025-07-04 00:02:41,534 - src.feature_engine - INFO - Serie sma normalizada con standard
2025-07-04 00:02:41,537 - src.feature_engine - INFO - Feature 'sma_period20' añadido exitosamente
2025-07-04 00:04:24,706 - src.feature_engine - INFO - Usando cache para rsi{'period': 14}
2025-07-04 00:04:24,708 - src.feature_engine - INFO - Feature 'rsi_period14' añadido exitosamente
2025-07-04 00:06:57,960 - src.feature_engine - INFO - Usando cache para rsi{'period': 14}
2025-07-04 00:06:57,964 - src.feature_engine - INFO - Feature 'rsi_period14' añadido exitosamente
2025-07-04 00:06:57,972 - src.feature_engine - INFO - Añadido indicador múltiple bollinger_bands con 5 features
2025-07-04 00:06:57,973 - src.feature_engine - INFO - Usando cache para ema{'period': 12}
2025-07-04 00:06:57,974 - src.feature_engine - INFO - Feature 'ema_period12' añadido exitosamente
2025-07-04 00:06:57,976 - src.feature_engine - INFO - Usando cache para ema{'period': 26}
2025-07-04 00:06:57,978 - src.feature_engine - INFO - Feature 'ema_period26' añadido exitosamente
2025-07-04 00:06:57,981 - src.feature_engine - INFO - Usando cache para sma{'period': 20}
2025-07-04 00:06:57,985 - src.feature_engine - INFO - Feature 'sma_period20' añadido exitosamente
2025-07-04 00:11:54,575 - src.feature_engine - INFO - Usando cache para rsi{'period': 14}
2025-07-04 00:11:54,577 - src.feature_engine - INFO - Feature 'rsi_period14' añadido exitosamente
2025-07-04 00:11:54,583 - src.feature_engine - INFO - Añadido indicador múltiple bollinger_bands con 5 features
2025-07-04 00:11:54,584 - src.feature_engine - INFO - Usando cache para ema{'period': 12}
2025-07-04 00:11:54,585 - src.feature_engine - INFO - Feature 'ema_period12' añadido exitosamente
2025-07-04 00:11:54,587 - src.feature_engine - INFO - Usando cache para ema{'period': 26}
2025-07-04 00:11:54,588 - src.feature_engine - INFO - Feature 'ema_period26' añadido exitosamente
2025-07-04 00:11:54,588 - src.feature_engine - INFO - Usando cache para sma{'period': 20}
2025-07-04 00:11:54,589 - src.feature_engine - INFO - Feature 'sma_period20' añadido exitosamente
2025-07-04 00:11:54,635 - src.feature_engine - INFO - Features exportados a: data\processed\features_BTCUSDT_1h_2024-01-01_2024-07-01.parquet
2025-07-04 00:13:26,314 - src.feature_engine - INFO - Usando cache para rsi{'period': 14}
2025-07-04 00:13:26,315 - src.feature_engine - INFO - Feature 'rsi_period14' añadido exitosamente
2025-07-04 00:13:26,319 - src.feature_engine - INFO - Añadido indicador múltiple bollinger_bands con 5 features
2025-07-04 00:13:26,320 - src.feature_engine - INFO - Usando cache para ema{'period': 12}
2025-07-04 00:13:26,321 - src.feature_engine - INFO - Feature 'ema_period12' añadido exitosamente
2025-07-04 00:13:26,322 - src.feature_engine - INFO - Usando cache para ema{'period': 26}
2025-07-04 00:13:26,324 - src.feature_engine - INFO - Feature 'ema_period26' añadido exitosamente
2025-07-04 00:13:26,326 - src.feature_engine - INFO - Usando cache para sma{'period': 20}
2025-07-04 00:13:26,327 - src.feature_engine - INFO - Feature 'sma_period20' añadido exitosamente
2025-07-04 00:13:26,343 - src.feature_engine - INFO - Features exportados a: ..data\processed\features_BTCUSDT_1h_2024-01-01_2024-07-01.parquet
2025-07-04 00:16:56,017 - src.plugins - INFO - Indicador 'sma' registrado exitosamente
2025-07-04 00:16:56,018 - src.plugins - INFO - Indicador 'ema' registrado exitosamente
2025-07-04 00:16:56,019 - src.plugins - INFO - Indicador 'rsi' registrado exitosamente
2025-07-04 00:16:56,019 - src.plugins - INFO - Indicador 'bollinger_bands' registrado exitosamente
2025-07-04 00:16:56,020 - src.plugins - INFO - Indicador 'macd' registrado exitosamente
2025-07-04 00:16:56,021 - src.plugins - INFO - Indicador 'atr' registrado exitosamente
2025-07-04 00:16:56,021 - src.plugins - INFO - Indicador 'stochastic' registrado exitosamente
2025-07-04 00:16:56,022 - src.plugins - INFO - Indicador 'volume_sma' registrado exitosamente
2025-07-04 00:16:56,022 - src.plugins - INFO - Indicador 'price_volume_trend' registrado exitosamente
2025-07-04 00:16:56,023 - src.plugins - INFO - Indicador 'momentum' registrado exitosamente
2025-07-04 00:16:56,024 - src.plugins - INFO - Indicador 'volatility' registrado exitosamente
2025-07-04 00:16:56,025 - src.plugins - INFO - Indicador 'support_resistance' registrado exitosamente
2025-07-04 00:16:56,030 - src.utils - INFO - Configuración cargada exitosamente desde: C:\Users\DELL-LATITUDE\Documents\My_Projects\PYTHON\trading_quantitative\config\config.yaml
2025-07-04 00:16:56,032 - src.feature_engine - INFO - FeatureEngine inicializado con 4348 registros
2025-07-04 00:17:04,967 - src.feature_engine - WARNING - Valores faltantes detectados en rsi, aplicando imputación
2025-07-04 00:17:04,973 - src.feature_engine - INFO - Serie rsi normalizada con minmax
2025-07-04 00:17:04,975 - src.feature_engine - INFO - Feature 'rsi_period14' añadido exitosamente
2025-07-04 00:17:04,983 - src.feature_engine - INFO - Añadido indicador múltiple bollinger_bands con 5 features
2025-07-04 00:17:04,989 - src.feature_engine - INFO - Serie ema normalizada con standard
2025-07-04 00:17:04,991 - src.feature_engine - INFO - Feature 'ema_period12' añadido exitosamente
2025-07-04 00:17:04,996 - src.feature_engine - INFO - Serie ema normalizada con standard
2025-07-04 00:17:04,999 - src.feature_engine - INFO - Feature 'ema_period26' añadido exitosamente
2025-07-04 00:17:05,001 - src.feature_engine - WARNING - Valores faltantes detectados en sma, aplicando imputación
2025-07-04 00:17:05,004 - src.feature_engine - INFO - Serie sma normalizada con standard
2025-07-04 00:17:05,004 - src.feature_engine - INFO - Feature 'sma_period20' añadido exitosamente
2025-07-04 00:17:05,017 - src.feature_engine - INFO - Features exportados a: data\processed\features_BTCUSDT_1h_2024-01-01_2024-07-01.parquet
2025-07-04 00:17:44,335 - src.plugins - INFO - Indicador 'sma' registrado exitosamente
2025-07-04 00:17:44,336 - src.plugins - INFO - Indicador 'ema' registrado exitosamente
2025-07-04 00:17:44,337 - src.plugins - INFO - Indicador 'rsi' registrado exitosamente
2025-07-04 00:17:44,337 - src.plugins - INFO - Indicador 'bollinger_bands' registrado exitosamente
2025-07-04 00:17:44,338 - src.plugins - INFO - Indicador 'macd' registrado exitosamente
2025-07-04 00:17:44,339 - src.plugins - INFO - Indicador 'atr' registrado exitosamente
2025-07-04 00:17:44,340 - src.plugins - INFO - Indicador 'stochastic' registrado exitosamente
2025-07-04 00:17:44,340 - src.plugins - INFO - Indicador 'volume_sma' registrado exitosamente
2025-07-04 00:17:44,341 - src.plugins - INFO - Indicador 'price_volume_trend' registrado exitosamente
2025-07-04 00:17:44,341 - src.plugins - INFO - Indicador 'momentum' registrado exitosamente
2025-07-04 00:17:44,342 - src.plugins - INFO - Indicador 'volatility' registrado exitosamente
2025-07-04 00:17:44,342 - src.plugins - INFO - Indicador 'support_resistance' registrado exitosamente
2025-07-04 00:17:44,347 - src.utils - INFO - Configuración cargada exitosamente desde: C:\Users\DELL-LATITUDE\Documents\My_Projects\PYTHON\trading_quantitative\config\config.yaml
2025-07-04 00:17:44,349 - src.feature_engine - INFO - FeatureEngine inicializado con 4348 registros
2025-07-04 00:24:46,835 - src.plugins - INFO - Indicador 'sma' registrado exitosamente
2025-07-04 00:24:46,836 - src.plugins - INFO - Indicador 'ema' registrado exitosamente
2025-07-04 00:24:46,838 - src.plugins - INFO - Indicador 'rsi' registrado exitosamente
2025-07-04 00:24:46,839 - src.plugins - INFO - Indicador 'bollinger_bands' registrado exitosamente
2025-07-04 00:24:46,841 - src.plugins - INFO - Indicador 'macd' registrado exitosamente
2025-07-04 00:24:46,842 - src.plugins - INFO - Indicador 'atr' registrado exitosamente
2025-07-04 00:24:46,844 - src.plugins - INFO - Indicador 'stochastic' registrado exitosamente
2025-07-04 00:24:46,846 - src.plugins - INFO - Indicador 'volume_sma' registrado exitosamente
2025-07-04 00:24:46,847 - src.plugins - INFO - Indicador 'price_volume_trend' registrado exitosamente
2025-07-04 00:24:46,848 - src.plugins - INFO - Indicador 'momentum' registrado exitosamente
2025-07-04 00:24:46,849 - src.plugins - INFO - Indicador 'volatility' registrado exitosamente
2025-07-04 00:24:46,849 - src.plugins - INFO - Indicador 'support_resistance' registrado exitosamente
2025-07-04 00:24:46,858 - src.utils - INFO - Configuración cargada exitosamente desde: C:\Users\DELL-LATITUDE\Documents\My_Projects\PYTHON\trading_quantitative\config\config.yaml
2025-07-04 00:24:46,860 - src.feature_engine - INFO - FeatureEngine inicializado con 4348 registros
2025-07-04 00:24:49,294 - src.feature_engine - WARNING - Valores faltantes detectados en rsi, aplicando imputación
2025-07-04 00:24:49,301 - src.feature_engine - INFO - Serie rsi normalizada con minmax
2025-07-04 00:24:49,303 - src.feature_engine - INFO - Feature 'rsi_period14' añadido exitosamente
2025-07-04 00:24:49,314 - src.feature_engine - INFO - Añadido indicador múltiple bollinger_bands con 5 features
2025-07-04 00:24:49,316 - src.feature_engine - INFO - Serie ema normalizada con standard
2025-07-04 00:24:49,318 - src.feature_engine - INFO - Feature 'ema_period12' añadido exitosamente
2025-07-04 00:24:49,324 - src.feature_engine - INFO - Serie ema normalizada con standard
2025-07-04 00:24:49,326 - src.feature_engine - INFO - Feature 'ema_period26' añadido exitosamente
2025-07-04 00:24:49,327 - src.feature_engine - WARNING - Valores faltantes detectados en sma, aplicando imputación
2025-07-04 00:24:49,330 - src.feature_engine - INFO - Serie sma normalizada con standard
2025-07-04 00:24:49,331 - src.feature_engine - INFO - Feature 'sma_period20' añadido exitosamente
2025-07-04 00:24:49,343 - src.feature_engine - INFO - Features exportados a: data\processed\features_BTCUSDT_1h_2024-01-01_2024-07-01.parquet
2025-07-04 17:46:44,603 - src.utils - INFO - Configuración cargada exitosamente desde: C:\Users\DELL-LATITUDE\Documents\My_Projects\PYTHON\trading_quantitative\config\config.yaml
2025-07-04 17:46:44,605 - src.feature_engine - INFO - FeatureEngine inicializado con 4348 registros
2025-07-04 18:53:44,862 - src.utils - INFO - Configuración cargada exitosamente desde: C:\Users\DELL-LATITUDE\Documents\My_Projects\PYTHON\trading_quantitative\config\config.yaml
2025-07-04 18:54:25,518 - src.utils - INFO - Configuración cargada exitosamente desde: C:\Users\DELL-LATITUDE\Documents\My_Projects\PYTHON\trading_quantitative\config\config.yaml
2025-07-04 18:54:25,532 - src.feature_engine - INFO - FeatureEngine inicializado con 4348 registros
2025-07-04 19:14:46,150 - src.registry - INFO - Indicador 'sma' registrado
2025-07-04 19:14:46,152 - src.registry - INFO - Indicador 'ema' registrado
2025-07-04 19:14:46,153 - src.registry - INFO - Indicador 'rsi' registrado
2025-07-04 19:14:46,155 - src.registry - INFO - Indicador 'stochastic' registrado
2025-07-04 19:14:46,156 - src.registry - INFO - Indicador 'bollinger_bands' registrado
2025-07-04 19:14:46,156 - src.registry - INFO - Indicador 'atr' registrado
2025-07-04 19:14:46,157 - src.registry - INFO - Indicador 'macd' registrado
2025-07-04 19:14:46,158 - src.registry - INFO - Indicador 'momentum' registrado
2025-07-04 19:14:46,158 - src.registry - INFO - Indicador 'volume_sma' registrado
2025-07-04 19:14:46,159 - src.registry - INFO - Indicador 'price_volume_trend' registrado
2025-07-04 19:14:46,160 - src.registry - INFO - Indicador 'support_resistance' registrado
2025-07-04 19:14:46,859 - src.utils - INFO - Configuración cargada exitosamente desde: C:\Users\DELL-LATITUDE\Documents\My_Projects\PYTHON\trading_quantitative\config\config.yaml
2025-07-04 19:14:46,862 - src.feature_engine - INFO - FeatureEngine inicializado con 4348 registros
2025-07-04 19:14:46,887 - src.feature_engine - WARNING - Valores faltantes detectados en rsi, aplicando imputación
2025-07-04 19:14:46,897 - src.feature_engine - INFO - Serie rsi normalizada con minmax
2025-07-04 19:14:46,897 - src.feature_engine - INFO - Feature 'rsi_period14' añadido exitosamente
2025-07-04 19:14:46,903 - src.feature_engine - INFO - Añadido indicador múltiple bollinger_bands con 5 features
2025-07-04 19:14:46,905 - src.feature_engine - INFO - Serie ema normalizada con standard
2025-07-04 19:14:46,906 - src.feature_engine - INFO - Feature 'ema_period12' añadido exitosamente
2025-07-04 19:14:46,908 - src.feature_engine - INFO - Serie ema normalizada con standard
2025-07-04 19:14:46,909 - src.feature_engine - INFO - Feature 'ema_period26' añadido exitosamente
2025-07-04 19:14:46,910 - src.feature_engine - WARNING - Valores faltantes detectados en sma, aplicando imputación
2025-07-04 19:14:46,913 - src.feature_engine - INFO - Serie sma normalizada con standard
2025-07-04 19:14:46,914 - src.feature_engine - INFO - Feature 'sma_period20' añadido exitosamente
2025-07-04 19:14:46,929 - src.feature_engine - INFO - Features exportados a: data\processed\features_BTCUSDT_1h_2024-01-01_2024-07-01.parquet
2025-07-04 19:18:12,270 - src.registry - INFO - Indicador 'sma' registrado
2025-07-04 19:18:12,271 - src.registry - INFO - Indicador 'ema' registrado
2025-07-04 19:18:12,272 - src.registry - INFO - Indicador 'rsi' registrado
2025-07-04 19:18:12,272 - src.registry - INFO - Indicador 'stochastic' registrado
2025-07-04 19:18:12,273 - src.registry - INFO - Indicador 'bollinger_bands' registrado
2025-07-04 19:18:12,273 - src.registry - INFO - Indicador 'atr' registrado
2025-07-04 19:18:12,274 - src.registry - INFO - Indicador 'macd' registrado
2025-07-04 19:18:12,275 - src.registry - INFO - Indicador 'momentum' registrado
2025-07-04 19:18:12,276 - src.registry - INFO - Indicador 'volume_sma' registrado
2025-07-04 19:18:12,276 - src.registry - INFO - Indicador 'price_volume_trend' registrado
2025-07-04 19:18:12,277 - src.registry - INFO - Indicador 'support_resistance' registrado
2025-07-04 19:18:12,925 - src.utils - INFO - Configuración cargada exitosamente desde: C:\Users\DELL-LATITUDE\Documents\My_Projects\PYTHON\trading_quantitative\config\config.yaml
2025-07-04 19:18:12,927 - src.feature_engine - INFO - FeatureEngine inicializado con 4348 registros
2025-07-04 19:18:12,938 - src.feature_engine - WARNING - Valores faltantes detectados en rsi, aplicando imputación
2025-07-04 19:18:12,940 - src.feature_engine - INFO - Serie rsi normalizada con minmax
2025-07-04 19:18:12,941 - src.feature_engine - INFO - Feature 'rsi_period14' añadido exitosamente
2025-07-04 19:18:12,945 - src.feature_engine - INFO - Añadido indicador múltiple bollinger_bands con 5 features
2025-07-04 19:18:12,947 - src.feature_engine - INFO - Serie ema normalizada con standard
2025-07-04 19:18:12,948 - src.feature_engine - INFO - Feature 'ema_period12' añadido exitosamente
2025-07-04 19:18:12,950 - src.feature_engine - INFO - Serie ema normalizada con standard
2025-07-04 19:18:12,951 - src.feature_engine - INFO - Feature 'ema_period26' añadido exitosamente
2025-07-04 19:18:12,953 - src.feature_engine - WARNING - Valores faltantes detectados en sma, aplicando imputación
2025-07-04 19:18:12,955 - src.feature_engine - INFO - Serie sma normalizada con standard
2025-07-04 19:18:12,956 - src.feature_engine - INFO - Feature 'sma_period20' añadido exitosamente
2025-07-04 19:18:12,966 - src.feature_engine - INFO - Features exportados a: data\processed\features_BTCUSDT_1h_2024-01-01_2024-07-01.parquet
2025-07-05 04:48:04,590 - src.indicators - INFO - Indicador 'sma' registrado
2025-07-05 04:48:04,591 - src.indicators - INFO - Indicador 'ema' registrado
2025-07-05 04:48:04,591 - src.indicators - INFO - Indicador 'rsi' registrado
2025-07-05 04:48:04,591 - src.indicators - INFO - Indicador 'stochastic' registrado
2025-07-05 04:48:04,592 - src.indicators - INFO - Indicador 'bollinger_bands' registrado
2025-07-05 04:48:04,593 - src.indicators - INFO - Indicador 'atr' registrado
2025-07-05 04:48:04,594 - src.indicators - INFO - Indicador 'macd' registrado
2025-07-05 04:48:04,594 - src.indicators - INFO - Indicador 'momentum' registrado
2025-07-05 04:48:04,596 - src.indicators - INFO - Indicador 'volume_sma' registrado
2025-07-05 04:48:04,596 - src.indicators - INFO - Indicador 'price_volume_trend' registrado
2025-07-05 04:48:04,597 - src.indicators - INFO - Indicador 'support_resistance' registrado
2025-07-05 04:48:05,239 - src.utils - INFO - Configuración cargada exitosamente desde: C:\Users\DELL-LATITUDE\Documents\My_Projects\PYTHON\trading_quantitative\config\config.yaml
2025-07-05 04:48:05,240 - src.feature_engine - INFO - FeatureEngine inicializado con 5 registros
2025-07-05 04:53:02,220 - src.indicators - INFO - Indicador 'sma' registrado
2025-07-05 04:53:02,221 - src.indicators - INFO - Indicador 'ema' registrado
2025-07-05 04:53:02,221 - src.indicators - INFO - Indicador 'rsi' registrado
2025-07-05 04:53:02,222 - src.indicators - INFO - Indicador 'stochastic' registrado
2025-07-05 04:53:02,223 - src.indicators - INFO - Indicador 'bollinger_bands' registrado
2025-07-05 04:53:02,224 - src.indicators - INFO - Indicador 'atr' registrado
2025-07-05 04:53:02,224 - src.indicators - INFO - Indicador 'macd' registrado
2025-07-05 04:53:02,225 - src.indicators - INFO - Indicador 'momentum' registrado
2025-07-05 04:53:02,226 - src.indicators - INFO - Indicador 'volume_sma' registrado
2025-07-05 04:53:02,227 - src.indicators - INFO - Indicador 'price_volume_trend' registrado
2025-07-05 04:53:02,228 - src.indicators - INFO - Indicador 'support_resistance' registrado
2025-07-05 04:53:02,873 - src.utils - INFO - Configuración cargada exitosamente desde: C:\Users\DELL-LATITUDE\Documents\My_Projects\PYTHON\trading_quantitative\config\config.yaml
2025-07-05 04:53:02,875 - src.feature_engine - INFO - FeatureEngine inicializado con 5 registros
2025-07-05 05:01:16,652 - src.indicators - INFO - Indicador 'sma' registrado
2025-07-05 05:01:16,653 - src.indicators - INFO - Indicador 'ema' registrado
2025-07-05 05:01:16,654 - src.indicators - INFO - Indicador 'rsi' registrado
2025-07-05 05:01:16,654 - src.indicators - INFO - Indicador 'stochastic' registrado
2025-07-05 05:01:16,654 - src.indicators - INFO - Indicador 'bollinger_bands' registrado
2025-07-05 05:01:16,655 - src.indicators - INFO - Indicador 'atr' registrado
2025-07-05 05:01:16,656 - src.indicators - INFO - Indicador 'macd' registrado
2025-07-05 05:01:16,657 - src.indicators - INFO - Indicador 'momentum' registrado
2025-07-05 05:01:16,657 - src.indicators - INFO - Indicador 'volume_sma' registrado
2025-07-05 05:01:16,658 - src.indicators - INFO - Indicador 'price_volume_trend' registrado
2025-07-05 05:01:16,659 - src.indicators - INFO - Indicador 'support_resistance' registrado
2025-07-05 05:01:17,315 - src.utils - INFO - Configuración cargada exitosamente desde: C:\Users\DELL-LATITUDE\Documents\My_Projects\PYTHON\trading_quantitative\config\config.yaml
2025-07-05 05:01:17,317 - src.feature_engine - INFO - FeatureEngine inicializado con 5 registros
2025-07-05 05:01:50,803 - src.indicators - INFO - Indicador 'sma' registrado
2025-07-05 05:01:50,803 - src.indicators - INFO - Indicador 'ema' registrado
2025-07-05 05:01:50,804 - src.indicators - INFO - Indicador 'rsi' registrado
2025-07-05 05:01:50,805 - src.indicators - INFO - Indicador 'stochastic' registrado
2025-07-05 05:01:50,806 - src.indicators - INFO - Indicador 'bollinger_bands' registrado
2025-07-05 05:01:50,807 - src.indicators - INFO - Indicador 'atr' registrado
2025-07-05 05:01:50,808 - src.indicators - INFO - Indicador 'macd' registrado
2025-07-05 05:01:50,809 - src.indicators - INFO - Indicador 'momentum' registrado
2025-07-05 05:01:50,811 - src.indicators - INFO - Indicador 'volume_sma' registrado
2025-07-05 05:01:50,813 - src.indicators - INFO - Indicador 'price_volume_trend' registrado
2025-07-05 05:01:50,814 - src.indicators - INFO - Indicador 'support_resistance' registrado
2025-07-05 05:01:51,407 - src.utils - INFO - Configuración cargada exitosamente desde: C:\Users\DELL-LATITUDE\Documents\My_Projects\PYTHON\trading_quantitative\config\config.yaml
2025-07-05 05:01:51,409 - src.feature_engine - INFO - FeatureEngine inicializado con 5 registros
2025-07-05 05:03:08,913 - src.indicators - INFO - Indicador 'sma' registrado
2025-07-05 05:03:08,913 - src.indicators - INFO - Indicador 'ema' registrado
2025-07-05 05:03:08,914 - src.indicators - INFO - Indicador 'rsi' registrado
2025-07-05 05:03:08,914 - src.indicators - INFO - Indicador 'stochastic' registrado
2025-07-05 05:03:08,916 - src.indicators - INFO - Indicador 'bollinger_bands' registrado
2025-07-05 05:03:08,917 - src.indicators - INFO - Indicador 'atr' registrado
2025-07-05 05:03:08,919 - src.indicators - INFO - Indicador 'macd' registrado
2025-07-05 05:03:08,920 - src.indicators - INFO - Indicador 'momentum' registrado
2025-07-05 05:03:08,921 - src.indicators - INFO - Indicador 'volume_sma' registrado
2025-07-05 05:03:08,922 - src.indicators - INFO - Indicador 'price_volume_trend' registrado
2025-07-05 05:03:08,924 - src.indicators - INFO - Indicador 'support_resistance' registrado
2025-07-05 05:03:09,672 - src.utils - INFO - Configuración cargada exitosamente desde: C:\Users\DELL-LATITUDE\Documents\My_Projects\PYTHON\trading_quantitative\config\config.yaml
2025-07-05 05:03:09,674 - src.feature_engine - INFO - FeatureEngine inicializado con 5 registros
2025-07-06 10:07:07,794 - src.indicators - INFO - Indicador 'sma' registrado
2025-07-06 10:07:07,805 - src.indicators - INFO - Indicador 'ema' registrado
2025-07-06 10:07:07,805 - src.indicators - INFO - Indicador 'rsi' registrado
2025-07-06 10:07:07,805 - src.indicators - INFO - Indicador 'stochastic' registrado
2025-07-06 10:07:07,806 - src.indicators - INFO - Indicador 'bollinger_bands' registrado
2025-07-06 10:07:07,806 - src.indicators - INFO - Indicador 'atr' registrado
2025-07-06 10:07:07,806 - src.indicators - INFO - Indicador 'macd' registrado
2025-07-06 10:07:07,806 - src.indicators - INFO - Indicador 'momentum' registrado
2025-07-06 10:07:07,807 - src.indicators - INFO - Indicador 'volume_sma' registrado
2025-07-06 10:07:07,807 - src.indicators - INFO - Indicador 'price_volume_trend' registrado
2025-07-06 10:07:07,807 - src.indicators - INFO - Indicador 'support_resistance' registrado
2025-07-06 10:07:07,808 - Pipeline - INFO - Iniciando pipeline de trading
2025-07-06 10:07:07,816 - src.utils - INFO - Configuración cargada exitosamente desde: C:\Users\DELL-LATITUDE\Documents\My_Projects\PYTHON\trading_quantitative\config\config.yaml
2025-07-06 10:07:07,816 - Pipeline - INFO - PASO 1: Extracción de datos
2025-07-06 10:07:07,817 - DataFetcher - INFO - DataFetcher inicializado para BTCUSDT/1h
2025-07-06 10:07:07,820 - DataFetcher - INFO - Registros estimados: 4368
2025-07-06 10:07:07,820 - DataFetcher - INFO - Descargando datos con paginación: 2024-01-01 - 2024-07-01
2025-07-06 10:07:09,133 - DataFetcher - INFO - Procesados 200 registros
2025-07-06 10:07:10,366 - DataFetcher - INFO - Procesados 200 registros
2025-07-06 10:07:11,579 - DataFetcher - INFO - Procesados 200 registros
2025-07-06 10:07:12,611 - DataFetcher - INFO - Procesados 200 registros
2025-07-06 10:07:13,828 - DataFetcher - INFO - Procesados 200 registros
2025-07-06 10:07:15,063 - DataFetcher - INFO - Procesados 200 registros
2025-07-06 10:07:16,295 - DataFetcher - INFO - Procesados 200 registros
2025-07-06 10:07:17,525 - DataFetcher - INFO - Procesados 200 registros
2025-07-06 10:07:18,546 - DataFetcher - INFO - Procesados 200 registros
2025-07-06 10:07:19,570 - DataFetcher - INFO - Procesados 200 registros
2025-07-06 10:07:20,695 - DataFetcher - INFO - Procesados 200 registros
2025-07-06 10:07:21,620 - DataFetcher - INFO - Procesados 200 registros
2025-07-06 10:07:22,644 - DataFetcher - INFO - Procesados 200 registros
2025-07-06 10:07:23,799 - DataFetcher - INFO - Procesados 200 registros
2025-07-06 10:07:24,786 - DataFetcher - INFO - Procesados 200 registros
2025-07-06 10:07:26,322 - DataFetcher - INFO - Procesados 200 registros
2025-07-06 10:07:27,347 - DataFetcher - INFO - Procesados 200 registros
2025-07-06 10:07:28,370 - DataFetcher - INFO - Procesados 200 registros
2025-07-06 10:07:29,313 - DataFetcher - INFO - Procesados 200 registros
2025-07-06 10:07:30,425 - DataFetcher - INFO - Procesados 200 registros
2025-07-06 10:07:31,578 - DataFetcher - INFO - Procesados 200 registros
2025-07-06 10:07:32,777 - DataFetcher - INFO - Procesados 200 registros
2025-07-06 10:07:33,034 - DataFetcher - INFO - Datos guardados en: C:\Users\DELL-LATITUDE\Documents\My_Projects\PYTHON\trading_quantitative\data\raw\BTCUSDT_1h_2024-01-01_2024-07-01.parquet
2025-07-06 10:07:33,055 - DataFetcher - INFO - Registros estimados: 4368
2025-07-06 10:07:33,064 - DataFetcher - INFO - Descargando datos con paginación: 2024-01-01 - 2024-07-01
2025-07-06 10:07:34,577 - DataFetcher - INFO - Procesados 200 registros
2025-07-06 10:07:35,742 - DataFetcher - INFO - Procesados 200 registros
2025-07-06 10:07:37,343 - DataFetcher - INFO - Procesados 200 registros
2025-07-06 10:07:38,307 - DataFetcher - INFO - Procesados 200 registros
2025-07-06 10:07:39,328 - DataFetcher - INFO - Procesados 200 registros
2025-07-06 10:07:40,456 - DataFetcher - INFO - Procesados 200 registros
2025-07-06 10:07:41,479 - DataFetcher - INFO - Procesados 200 registros
2025-07-06 10:07:42,368 - DataFetcher - INFO - Procesados 200 registros
2025-07-06 10:07:43,464 - DataFetcher - INFO - Procesados 200 registros
2025-07-06 10:07:45,319 - DataFetcher - INFO - Procesados 200 registros
2025-07-06 10:07:46,405 - DataFetcher - INFO - Procesados 200 registros
2025-07-06 10:07:47,428 - DataFetcher - INFO - Procesados 200 registros
2025-07-06 10:07:48,455 - DataFetcher - INFO - Procesados 200 registros
2025-07-06 10:07:49,472 - DataFetcher - INFO - Procesados 200 registros
2025-07-06 10:07:50,614 - DataFetcher - INFO - Procesados 200 registros
2025-07-06 10:07:51,620 - DataFetcher - INFO - Procesados 200 registros
2025-07-06 10:07:52,537 - DataFetcher - INFO - Procesados 200 registros
2025-07-06 10:07:53,513 - DataFetcher - INFO - Procesados 200 registros
2025-07-06 10:07:54,490 - DataFetcher - INFO - Procesados 200 registros
2025-07-06 10:07:55,513 - DataFetcher - INFO - Procesados 200 registros
2025-07-06 10:07:56,533 - DataFetcher - INFO - Procesados 200 registros
2025-07-06 10:07:57,507 - DataFetcher - INFO - Procesados 200 registros
2025-07-06 10:07:57,618 - Pipeline - INFO - Datos descargados exitosamente. Registros: 4348
2025-07-06 10:07:57,619 - Pipeline - INFO - PASO2: Generación de features (feature_engine)
2025-07-06 10:07:57,620 - src.feature_engine - INFO - FeatureEngine inicializado con 4348 registros
2025-07-06 10:07:57,631 - src.feature_engine - INFO - Feature 'rsi_period14' añadido exitosamente
2025-07-06 10:07:57,638 - src.feature_engine - INFO - Añadido indicador múltiple bollinger_bands con 5 features
2025-07-06 10:07:57,642 - src.feature_engine - INFO - Serie ema normalizada con standard
2025-07-06 10:07:57,643 - src.feature_engine - INFO - Feature 'ema_period12' añadido exitosamente
2025-07-06 10:07:57,646 - src.feature_engine - INFO - Serie ema normalizada con standard
2025-07-06 10:07:57,647 - src.feature_engine - INFO - Feature 'ema_period26' añadido exitosamente
2025-07-06 10:07:57,649 - src.feature_engine - WARNING - Valores faltantes detectados en sma, aplicando imputación
2025-07-06 10:07:57,652 - src.feature_engine - INFO - Serie sma normalizada con standard
2025-07-06 10:07:57,654 - src.feature_engine - INFO - Feature 'sma_period20' añadido exitosamente
2025-07-06 10:07:57,679 - src.feature_engine - INFO - Features exportados a: data\processed\features_BTCUSDT_1h_2024-01-01_2024-07-01.parquet
2025-07-06 10:07:57,679 - Pipeline - INFO - PASO2: Features generados y exportados correctamente a data/processed/features_BTCUSDT_1h_2024-01-01_2024-07-01.parquet
2025-07-06 10:07:57,680 - Pipeline - INFO - Pipeline finalizado.
2025-07-07 16:35:19,901 - src.indicators - INFO - Indicador 'sma' registrado
2025-07-07 16:35:19,901 - src.indicators - INFO - Indicador 'ema' registrado
2025-07-07 16:35:19,901 - src.indicators - INFO - Indicador 'rsi' registrado
2025-07-07 16:35:19,902 - src.indicators - INFO - Indicador 'stochastic' registrado
2025-07-07 16:35:19,902 - src.indicators - INFO - Indicador 'bollinger_bands' registrado
2025-07-07 16:35:19,902 - src.indicators - INFO - Indicador 'atr' registrado
2025-07-07 16:35:19,902 - src.indicators - INFO - Indicador 'macd' registrado
2025-07-07 16:35:19,903 - src.indicators - INFO - Indicador 'momentum' registrado
2025-07-07 16:35:19,903 - src.indicators - INFO - Indicador 'volume_sma' registrado
2025-07-07 16:35:19,903 - src.indicators - INFO - Indicador 'price_volume_trend' registrado
2025-07-07 16:35:19,903 - src.indicators - INFO - Indicador 'support_resistance' registrado
2025-07-07 16:35:19,985 - Pipeline - INFO - Iniciando pipeline de trading
2025-07-07 16:35:19,994 - src.utils - INFO - Configuración cargada exitosamente desde: C:\Users\DELL-LATITUDE\Documents\My_Projects\PYTHON\trading_quantitative\config\config.yaml
2025-07-07 16:35:19,995 - Pipeline - INFO - PASO 1: Extracción de datos
2025-07-07 16:35:19,996 - DataFetcher - INFO - DataFetcher inicializado para BTCUSDT/1h
2025-07-07 16:35:19,999 - DataFetcher - INFO - Registros estimados: 4368
2025-07-07 16:35:20,000 - DataFetcher - INFO - Descargando datos con paginación: 2024-01-01 - 2024-07-01
2025-07-07 16:35:22,661 - DataFetcher - INFO - Procesados 200 registros
2025-07-07 16:35:23,800 - DataFetcher - INFO - Procesados 200 registros
2025-07-07 16:35:25,028 - DataFetcher - INFO - Procesados 200 registros
2025-07-07 16:35:26,960 - DataFetcher - INFO - Procesados 200 registros
2025-07-07 16:35:28,092 - DataFetcher - INFO - Procesados 200 registros
2025-07-07 16:35:29,418 - DataFetcher - INFO - Procesados 200 registros
2025-07-07 16:35:31,159 - DataFetcher - INFO - Procesados 200 registros
2025-07-07 16:35:32,492 - DataFetcher - INFO - Procesados 200 registros
2025-07-07 16:35:33,935 - DataFetcher - INFO - Procesados 200 registros
2025-07-07 16:35:35,260 - DataFetcher - INFO - Procesados 200 registros
2025-07-07 16:35:36,386 - DataFetcher - INFO - Procesados 200 registros
2025-07-07 16:35:37,718 - DataFetcher - INFO - Procesados 200 registros
2025-07-07 16:35:38,743 - DataFetcher - INFO - Procesados 200 registros
2025-07-07 16:35:39,865 - DataFetcher - INFO - Procesados 200 registros
2025-07-07 16:35:41,092 - DataFetcher - INFO - Procesados 200 registros
2025-07-07 16:35:42,225 - DataFetcher - INFO - Procesados 200 registros
2025-07-07 16:35:43,447 - DataFetcher - INFO - Procesados 200 registros
2025-07-07 16:35:44,679 - DataFetcher - INFO - Procesados 200 registros
2025-07-07 16:35:46,340 - DataFetcher - INFO - Procesados 200 registros
2025-07-07 16:35:47,448 - DataFetcher - INFO - Procesados 200 registros
2025-07-07 16:35:48,874 - DataFetcher - INFO - Procesados 200 registros
2025-07-07 16:35:50,209 - DataFetcher - INFO - Procesados 200 registros
2025-07-07 16:35:50,393 - DataFetcher - INFO - Datos guardados en: C:\Users\DELL-LATITUDE\Documents\My_Projects\PYTHON\trading_quantitative\data\raw\BTCUSDT_1h_2024-01-01_2024-07-01.parquet
2025-07-07 16:35:50,395 - DataFetcher - INFO - Registros estimados: 4368
2025-07-07 16:35:50,396 - DataFetcher - INFO - Descargando datos con paginación: 2024-01-01 - 2024-07-01
2025-07-07 16:35:51,514 - DataFetcher - INFO - Procesados 200 registros
2025-07-07 16:35:52,871 - DataFetcher - INFO - Procesados 200 registros
2025-07-07 16:35:53,920 - DataFetcher - INFO - Procesados 200 registros
2025-07-07 16:35:55,020 - DataFetcher - INFO - Procesados 200 registros
2025-07-07 16:35:56,249 - DataFetcher - INFO - Procesados 200 registros
2025-07-07 16:35:57,477 - DataFetcher - INFO - Procesados 200 registros
2025-07-07 16:35:58,606 - DataFetcher - INFO - Procesados 200 registros
2025-07-07 16:36:00,448 - DataFetcher - INFO - Procesados 200 registros
2025-07-07 16:36:01,574 - DataFetcher - INFO - Procesados 200 registros
2025-07-07 16:36:02,623 - DataFetcher - INFO - Procesados 200 registros
2025-07-07 16:36:03,635 - DataFetcher - INFO - Procesados 200 registros
2025-07-07 16:36:04,752 - DataFetcher - INFO - Procesados 200 registros
2025-07-07 16:36:05,874 - DataFetcher - INFO - Procesados 200 registros
2025-07-07 16:36:07,922 - DataFetcher - INFO - Procesados 200 registros
2025-07-07 16:36:09,054 - DataFetcher - INFO - Procesados 200 registros
2025-07-07 16:36:10,380 - DataFetcher - INFO - Procesados 200 registros
2025-07-07 16:36:11,404 - DataFetcher - INFO - Procesados 200 registros
2025-07-07 16:36:12,733 - DataFetcher - INFO - Procesados 200 registros
2025-07-07 16:36:13,863 - DataFetcher - INFO - Procesados 200 registros
2025-07-07 16:36:15,100 - DataFetcher - INFO - Procesados 200 registros
2025-07-07 16:36:16,137 - DataFetcher - INFO - Procesados 200 registros
2025-07-07 16:36:17,241 - DataFetcher - INFO - Procesados 200 registros
2025-07-07 16:36:17,352 - Pipeline - INFO - Datos descargados exitosamente. Registros: 4348
2025-07-07 16:36:17,352 - Pipeline - INFO - PASO2: Cálculo de features (feature_engine)
2025-07-07 16:36:17,354 - src.feature_engine - INFO - FeatureEngine inicializado con 4348 registros
2025-07-07 16:36:17,378 - src.feature_engine - INFO - Feature 'rsi_period14' añadido exitosamente
2025-07-07 16:36:17,382 - src.feature_engine - INFO - Añadido indicador múltiple bollinger_bands con 5 features
2025-07-07 16:36:17,386 - src.feature_engine - INFO - Serie ema normalizada con standard
2025-07-07 16:36:17,387 - src.feature_engine - INFO - Feature 'ema_period12' añadido exitosamente
2025-07-07 16:36:17,390 - src.feature_engine - INFO - Serie ema normalizada con standard
2025-07-07 16:36:17,391 - src.feature_engine - INFO - Feature 'ema_period26' añadido exitosamente
2025-07-07 16:36:17,392 - src.feature_engine - WARNING - Valores faltantes detectados en sma, aplicando imputación
2025-07-07 16:36:17,394 - src.feature_engine - INFO - Serie sma normalizada con standard
2025-07-07 16:36:17,395 - src.feature_engine - INFO - Feature 'sma_period20' añadido exitosamente
2025-07-07 16:36:17,412 - src.feature_engine - INFO - Features exportados a: data\processed\features_BTCUSDT_1h_2024-01-01_2024-07-01.parquet
2025-07-07 16:36:17,412 - Pipeline - INFO - PASO2: Features generados y exportados correctamente a data/processed/features_BTCUSDT_1h_2024-01-01_2024-07-01.parquet
2025-07-07 16:36:17,413 - Pipeline - INFO - PASO3: Ejecución de la estrategia Random Forest (strategy.py)
2025-07-07 16:36:17,421 - src.utils - INFO - Configuración cargada exitosamente desde: C:\Users\DELL-LATITUDE\Documents\My_Projects\PYTHON\trading_quantitative\config\config.yaml
2025-07-07 16:36:17,422 - Pipeline - ERROR - Error ejecutando la estrategia: [Errno 2] No such file or directory: 'data/processed/features.parquet'
2025-07-07 16:36:17,422 - Pipeline - INFO - Pipeline finalizado.
2025-07-07 16:39:21,626 - src.indicators - INFO - Indicador 'sma' registrado
2025-07-07 16:39:21,627 - src.indicators - INFO - Indicador 'ema' registrado
2025-07-07 16:39:21,627 - src.indicators - INFO - Indicador 'rsi' registrado
2025-07-07 16:39:21,628 - src.indicators - INFO - Indicador 'stochastic' registrado
2025-07-07 16:39:21,628 - src.indicators - INFO - Indicador 'bollinger_bands' registrado
2025-07-07 16:39:21,628 - src.indicators - INFO - Indicador 'atr' registrado
2025-07-07 16:39:21,628 - src.indicators - INFO - Indicador 'macd' registrado
2025-07-07 16:39:21,629 - src.indicators - INFO - Indicador 'momentum' registrado
2025-07-07 16:39:21,629 - src.indicators - INFO - Indicador 'volume_sma' registrado
2025-07-07 16:39:21,629 - src.indicators - INFO - Indicador 'price_volume_trend' registrado
2025-07-07 16:39:21,629 - src.indicators - INFO - Indicador 'support_resistance' registrado
2025-07-07 16:39:21,679 - Pipeline - INFO - Iniciando pipeline de trading
2025-07-07 16:39:21,707 - src.utils - INFO - Configuración cargada exitosamente desde: C:\Users\DELL-LATITUDE\Documents\My_Projects\PYTHON\trading_quantitative\config\config.yaml
2025-07-07 16:39:21,707 - Pipeline - INFO - PASO 1: Extracción de datos
2025-07-07 16:39:21,708 - DataFetcher - INFO - DataFetcher inicializado para BTCUSDT/1h
2025-07-07 16:39:21,710 - DataFetcher - INFO - Registros estimados: 4368
2025-07-07 16:39:21,710 - DataFetcher - INFO - Descargando datos con paginación: 2024-01-01 - 2024-07-01
2025-07-07 16:39:23,618 - DataFetcher - INFO - Procesados 200 registros
2025-07-07 16:39:25,248 - DataFetcher - INFO - Procesados 200 registros
2025-07-07 16:39:26,990 - DataFetcher - INFO - Procesados 200 registros
2025-07-07 16:39:28,935 - DataFetcher - INFO - Procesados 200 registros
2025-07-07 16:39:30,133 - DataFetcher - INFO - Procesados 200 registros
2025-07-07 16:39:31,805 - DataFetcher - INFO - Procesados 200 registros
2025-07-07 16:39:33,138 - DataFetcher - INFO - Procesados 200 registros
2025-07-07 16:39:34,217 - DataFetcher - INFO - Procesados 200 registros
2025-07-07 16:39:35,286 - DataFetcher - INFO - Procesados 200 registros
2025-07-07 16:39:36,365 - DataFetcher - INFO - Procesados 200 registros
2025-07-07 16:39:37,745 - DataFetcher - INFO - Procesados 200 registros
2025-07-07 16:39:39,075 - DataFetcher - INFO - Procesados 200 registros
2025-07-07 16:39:40,406 - DataFetcher - INFO - Procesados 200 registros
2025-07-07 16:39:41,604 - DataFetcher - INFO - Procesados 200 registros
2025-07-07 16:39:42,969 - DataFetcher - INFO - Procesados 200 registros
2025-07-07 16:39:43,990 - DataFetcher - INFO - Procesados 200 registros
2025-07-07 16:39:45,121 - DataFetcher - INFO - Procesados 200 registros
2025-07-07 16:39:46,861 - DataFetcher - INFO - Procesados 200 registros
2025-07-07 16:39:47,993 - DataFetcher - INFO - Procesados 200 registros
2025-07-07 16:39:49,044 - DataFetcher - INFO - Procesados 200 registros
2025-07-07 16:39:50,133 - DataFetcher - INFO - Procesados 200 registros
2025-07-07 16:39:51,364 - DataFetcher - INFO - Procesados 200 registros
2025-07-07 16:39:51,521 - DataFetcher - INFO - Datos guardados en: C:\Users\DELL-LATITUDE\Documents\My_Projects\PYTHON\trading_quantitative\data\raw\BTCUSDT_1h_2024-01-01_2024-07-01.parquet
2025-07-07 16:39:51,523 - DataFetcher - INFO - Registros estimados: 4368
2025-07-07 16:39:51,523 - DataFetcher - INFO - Descargando datos con paginación: 2024-01-01 - 2024-07-01
2025-07-07 16:39:53,204 - DataFetcher - INFO - Procesados 200 registros
2025-07-07 16:39:54,239 - DataFetcher - INFO - Procesados 200 registros
2025-07-07 16:39:55,359 - DataFetcher - INFO - Procesados 200 registros
2025-07-07 16:39:56,477 - DataFetcher - INFO - Procesados 200 registros
2025-07-07 16:39:57,629 - DataFetcher - INFO - Procesados 200 registros
2025-07-07 16:39:58,736 - DataFetcher - INFO - Procesados 200 registros
2025-07-07 16:39:59,963 - DataFetcher - INFO - Procesados 200 registros
2025-07-07 16:40:01,090 - DataFetcher - INFO - Procesados 200 registros
2025-07-07 16:40:02,320 - DataFetcher - INFO - Procesados 200 registros
2025-07-07 16:40:03,460 - DataFetcher - INFO - Procesados 200 registros
2025-07-07 16:40:04,571 - DataFetcher - INFO - Procesados 200 registros
2025-07-07 16:40:05,602 - DataFetcher - INFO - Procesados 200 registros
2025-07-07 16:40:06,826 - DataFetcher - INFO - Procesados 200 registros
2025-07-07 16:40:07,825 - DataFetcher - INFO - Procesados 200 registros
2025-07-07 16:40:09,285 - DataFetcher - INFO - Procesados 200 registros
2025-07-07 16:40:10,417 - DataFetcher - INFO - Procesados 200 registros
2025-07-07 16:40:12,084 - DataFetcher - INFO - Procesados 200 registros
2025-07-07 16:40:13,276 - DataFetcher - INFO - Procesados 200 registros
2025-07-07 16:40:14,372 - DataFetcher - INFO - Procesados 200 registros
2025-07-07 16:40:15,443 - DataFetcher - INFO - Procesados 200 registros
2025-07-07 16:40:16,657 - DataFetcher - INFO - Procesados 200 registros
2025-07-07 16:40:17,782 - DataFetcher - INFO - Procesados 200 registros
2025-07-07 16:40:17,892 - Pipeline - INFO - Datos descargados exitosamente. Registros: 4348
2025-07-07 16:40:17,893 - Pipeline - INFO - PASO2: Cálculo de features (feature_engine)
2025-07-07 16:40:17,894 - src.feature_engine - INFO - FeatureEngine inicializado con 4348 registros
2025-07-07 16:40:17,900 - src.feature_engine - INFO - Feature 'rsi_period14' añadido exitosamente
2025-07-07 16:40:17,906 - src.feature_engine - INFO - Añadido indicador múltiple bollinger_bands con 5 features
2025-07-07 16:40:17,909 - src.feature_engine - INFO - Serie ema normalizada con standard
2025-07-07 16:40:17,910 - src.feature_engine - INFO - Feature 'ema_period12' añadido exitosamente
2025-07-07 16:40:17,912 - src.feature_engine - INFO - Serie ema normalizada con standard
2025-07-07 16:40:17,913 - src.feature_engine - INFO - Feature 'ema_period26' añadido exitosamente
2025-07-07 16:40:17,914 - src.feature_engine - WARNING - Valores faltantes detectados en sma, aplicando imputación
2025-07-07 16:40:17,916 - src.feature_engine - INFO - Serie sma normalizada con standard
2025-07-07 16:40:17,917 - src.feature_engine - INFO - Feature 'sma_period20' añadido exitosamente
2025-07-07 16:40:17,933 - src.feature_engine - INFO - Features exportados a: data\processed\features_BTCUSDT_1h_2024-01-01_2024-07-01.parquet
2025-07-07 16:40:17,934 - Pipeline - INFO - PASO2: Features generados y exportados correctamente a data/processed/features_BTCUSDT_1h_2024-01-01_2024-07-01.parquet
2025-07-07 16:40:17,934 - Pipeline - INFO - PASO3: Ejecución de la estrategia Random Forest (strategy.py)
2025-07-07 16:40:17,943 - src.utils - INFO - Configuración cargada exitosamente desde: C:\Users\DELL-LATITUDE\Documents\My_Projects\PYTHON\trading_quantitative\config\config.yaml
2025-07-07 16:40:18,801 - src.strategy - INFO - Features cargados desde data/processed/features_BTCUSDT_1h_2024-01-01_2024-07-01.parquet con shape (4329, 9)
2025-07-07 16:40:18,802 - Pipeline - ERROR - Error ejecutando la estrategia: 'close'
2025-07-07 16:40:18,803 - Pipeline - INFO - Pipeline finalizado.
2025-07-07 16:53:04,243 - src.indicators - INFO - Indicador 'sma' registrado
2025-07-07 16:53:04,243 - src.indicators - INFO - Indicador 'ema' registrado
2025-07-07 16:53:04,243 - src.indicators - INFO - Indicador 'rsi' registrado
2025-07-07 16:53:04,244 - src.indicators - INFO - Indicador 'stochastic' registrado
2025-07-07 16:53:04,244 - src.indicators - INFO - Indicador 'bollinger_bands' registrado
2025-07-07 16:53:04,244 - src.indicators - INFO - Indicador 'atr' registrado
2025-07-07 16:53:04,244 - src.indicators - INFO - Indicador 'macd' registrado
2025-07-07 16:53:04,245 - src.indicators - INFO - Indicador 'momentum' registrado
2025-07-07 16:53:04,245 - src.indicators - INFO - Indicador 'volume_sma' registrado
2025-07-07 16:53:04,245 - src.indicators - INFO - Indicador 'price_volume_trend' registrado
2025-07-07 16:53:04,245 - src.indicators - INFO - Indicador 'support_resistance' registrado
2025-07-07 16:53:04,294 - Pipeline - INFO - Iniciando pipeline de trading
2025-07-07 16:53:04,299 - src.utils - INFO - Configuración cargada exitosamente desde: C:\Users\DELL-LATITUDE\Documents\My_Projects\PYTHON\trading_quantitative\config\config.yaml
2025-07-07 16:53:04,299 - Pipeline - INFO - PASO 1: Extracción de datos
2025-07-07 16:53:04,300 - DataFetcher - INFO - DataFetcher inicializado para BTCUSDT/1h
2025-07-07 16:53:04,302 - DataFetcher - INFO - Registros estimados: 4368
2025-07-07 16:53:04,302 - DataFetcher - INFO - Descargando datos con paginación: 2024-01-01 - 2024-07-01
2025-07-07 16:53:05,698 - DataFetcher - INFO - Procesados 200 registros
2025-07-07 16:53:07,503 - DataFetcher - INFO - Procesados 200 registros
2025-07-07 16:53:09,069 - DataFetcher - INFO - Procesados 200 registros
2025-07-07 16:53:10,301 - DataFetcher - INFO - Procesados 200 registros
2025-07-07 16:53:11,530 - DataFetcher - INFO - Procesados 200 registros
2025-07-07 16:53:13,172 - DataFetcher - INFO - Procesados 200 registros
2025-07-07 16:53:14,412 - DataFetcher - INFO - Procesados 200 registros
2025-07-07 16:53:16,277 - DataFetcher - INFO - Procesados 200 registros
2025-07-07 16:53:17,469 - DataFetcher - INFO - Procesados 200 registros
2025-07-07 16:53:18,615 - DataFetcher - INFO - Procesados 200 registros
2025-07-07 16:53:20,183 - DataFetcher - INFO - Procesados 200 registros
2025-07-07 16:53:21,463 - DataFetcher - INFO - Procesados 200 registros
2025-07-07 16:53:22,491 - DataFetcher - INFO - Procesados 200 registros
2025-07-07 16:53:23,497 - DataFetcher - INFO - Procesados 200 registros
2025-07-07 16:53:25,047 - DataFetcher - INFO - Procesados 200 registros
2025-07-07 16:53:26,171 - DataFetcher - INFO - Procesados 200 registros
2025-07-07 16:53:27,302 - DataFetcher - INFO - Procesados 200 registros
2025-07-07 16:53:28,329 - DataFetcher - INFO - Procesados 200 registros
2025-07-07 16:53:29,525 - DataFetcher - INFO - Procesados 200 registros
2025-07-07 16:53:30,780 - DataFetcher - INFO - Procesados 200 registros
2025-07-07 16:53:31,804 - DataFetcher - INFO - Procesados 200 registros
2025-07-07 16:53:32,828 - DataFetcher - INFO - Procesados 200 registros
2025-07-07 16:53:32,986 - DataFetcher - INFO - Datos guardados en: C:\Users\DELL-LATITUDE\Documents\My_Projects\PYTHON\trading_quantitative\data\raw\BTCUSDT_1h_2024-01-01_2024-07-01.parquet
2025-07-07 16:53:32,988 - DataFetcher - INFO - Registros estimados: 4368
2025-07-07 16:53:32,988 - DataFetcher - INFO - Descargando datos con paginación: 2024-01-01 - 2024-07-01
2025-07-07 16:53:33,954 - DataFetcher - INFO - Procesados 200 registros
2025-07-07 16:53:35,671 - DataFetcher - INFO - Procesados 200 registros
2025-07-07 16:53:37,128 - DataFetcher - INFO - Procesados 200 registros
2025-07-07 16:53:38,259 - DataFetcher - INFO - Procesados 200 registros
2025-07-07 16:53:39,486 - DataFetcher - INFO - Procesados 200 registros
2025-07-07 16:53:40,822 - DataFetcher - INFO - Procesados 200 registros
2025-07-07 16:53:41,945 - DataFetcher - INFO - Procesados 200 registros
2025-07-07 16:53:43,067 - DataFetcher - INFO - Procesados 200 registros
2025-07-07 16:53:44,844 - DataFetcher - INFO - Procesados 200 registros
2025-07-07 16:53:45,832 - DataFetcher - INFO - Procesados 200 registros
2025-07-07 16:53:46,963 - DataFetcher - INFO - Procesados 200 registros
2025-07-07 16:53:48,085 - DataFetcher - INFO - Procesados 200 registros
2025-07-07 16:53:49,114 - DataFetcher - INFO - Procesados 200 registros
2025-07-07 16:53:50,235 - DataFetcher - INFO - Procesados 200 registros
2025-07-07 16:53:51,888 - DataFetcher - INFO - Procesados 200 registros
2025-07-07 16:53:53,515 - DataFetcher - INFO - Procesados 200 registros
2025-07-07 16:53:54,570 - DataFetcher - INFO - Procesados 200 registros
2025-07-07 16:53:55,663 - DataFetcher - INFO - Procesados 200 registros
2025-07-07 16:53:56,688 - DataFetcher - INFO - Procesados 200 registros
2025-07-07 16:53:57,712 - DataFetcher - INFO - Procesados 200 registros
2025-07-07 16:53:58,776 - DataFetcher - INFO - Procesados 200 registros
2025-07-07 16:53:59,767 - DataFetcher - INFO - Procesados 200 registros
2025-07-07 16:53:59,878 - Pipeline - INFO - Datos descargados exitosamente. Registros: 4348
2025-07-07 16:53:59,879 - Pipeline - INFO - PASO2: Cálculo de features (feature_engine)
2025-07-07 16:53:59,880 - src.feature_engine - INFO - FeatureEngine inicializado con 4348 registros
2025-07-07 16:53:59,886 - src.feature_engine - INFO - Feature 'rsi_period14' añadido exitosamente
2025-07-07 16:53:59,890 - src.feature_engine - INFO - Añadido indicador múltiple bollinger_bands con 5 features
2025-07-07 16:53:59,892 - src.feature_engine - INFO - Serie ema normalizada con standard
2025-07-07 16:53:59,893 - src.feature_engine - INFO - Feature 'ema_period12' añadido exitosamente
2025-07-07 16:53:59,895 - src.feature_engine - INFO - Serie ema normalizada con standard
2025-07-07 16:53:59,896 - src.feature_engine - INFO - Feature 'ema_period26' añadido exitosamente
2025-07-07 16:53:59,897 - src.feature_engine - WARNING - Valores faltantes detectados en sma, aplicando imputación
2025-07-07 16:53:59,899 - src.feature_engine - INFO - Serie sma normalizada con standard
2025-07-07 16:53:59,899 - src.feature_engine - INFO - Feature 'sma_period20' añadido exitosamente
2025-07-07 16:55:16,690 - src.indicators - INFO - Indicador 'sma' registrado
2025-07-07 16:55:16,690 - src.indicators - INFO - Indicador 'ema' registrado
2025-07-07 16:55:16,690 - src.indicators - INFO - Indicador 'rsi' registrado
2025-07-07 16:55:16,690 - src.indicators - INFO - Indicador 'stochastic' registrado
2025-07-07 16:55:16,691 - src.indicators - INFO - Indicador 'bollinger_bands' registrado
2025-07-07 16:55:16,691 - src.indicators - INFO - Indicador 'atr' registrado
2025-07-07 16:55:16,691 - src.indicators - INFO - Indicador 'macd' registrado
2025-07-07 16:55:16,691 - src.indicators - INFO - Indicador 'momentum' registrado
2025-07-07 16:55:16,691 - src.indicators - INFO - Indicador 'volume_sma' registrado
2025-07-07 16:55:16,692 - src.indicators - INFO - Indicador 'price_volume_trend' registrado
2025-07-07 16:55:16,692 - src.indicators - INFO - Indicador 'support_resistance' registrado
2025-07-07 16:55:16,738 - Pipeline - INFO - Iniciando pipeline de trading
2025-07-07 16:55:16,742 - src.utils - INFO - Configuración cargada exitosamente desde: C:\Users\DELL-LATITUDE\Documents\My_Projects\PYTHON\trading_quantitative\config\config.yaml
2025-07-07 16:55:16,743 - Pipeline - INFO - PASO 1: Extracción de datos
2025-07-07 16:55:16,743 - DataFetcher - INFO - DataFetcher inicializado para BTCUSDT/1h
2025-07-07 16:55:16,745 - DataFetcher - INFO - Registros estimados: 4368
2025-07-07 16:55:16,746 - DataFetcher - INFO - Descargando datos con paginación: 2024-01-01 - 2024-07-01
2025-07-07 16:55:18,609 - DataFetcher - INFO - Procesados 200 registros
2025-07-07 16:55:20,041 - DataFetcher - INFO - Procesados 200 registros
2025-07-07 16:55:21,857 - DataFetcher - INFO - Procesados 200 registros
2025-07-07 16:55:23,219 - DataFetcher - INFO - Procesados 200 registros
2025-07-07 16:55:24,283 - DataFetcher - INFO - Procesados 200 registros
2025-07-07 16:55:25,680 - DataFetcher - INFO - Procesados 200 registros
2025-07-07 16:55:26,808 - DataFetcher - INFO - Procesados 200 registros
2025-07-07 16:55:27,927 - DataFetcher - INFO - Procesados 200 registros
2025-07-07 16:55:29,770 - DataFetcher - INFO - Procesados 200 registros
2025-07-07 16:55:32,228 - DataFetcher - INFO - Procesados 200 registros
2025-07-07 16:55:34,071 - DataFetcher - INFO - Procesados 200 registros
2025-07-07 16:55:35,196 - DataFetcher - INFO - Procesados 200 registros
2025-07-07 16:55:36,631 - DataFetcher - INFO - Procesados 200 registros
2025-07-07 16:55:37,756 - DataFetcher - INFO - Procesados 200 registros
2025-07-07 16:55:38,880 - DataFetcher - INFO - Procesados 200 registros
2025-07-07 16:55:39,918 - DataFetcher - INFO - Procesados 200 registros
2025-07-07 16:55:41,048 - DataFetcher - INFO - Procesados 200 registros
2025-07-07 16:55:42,163 - DataFetcher - INFO - Procesados 200 registros
2025-07-07 16:55:43,358 - DataFetcher - INFO - Procesados 200 registros
2025-07-07 16:55:44,934 - DataFetcher - INFO - Procesados 200 registros
2025-07-07 16:55:46,666 - DataFetcher - INFO - Procesados 200 registros
2025-07-07 16:55:47,799 - DataFetcher - INFO - Procesados 200 registros
2025-07-07 16:55:47,959 - DataFetcher - INFO - Datos guardados en: C:\Users\DELL-LATITUDE\Documents\My_Projects\PYTHON\trading_quantitative\data\raw\BTCUSDT_1h_2024-01-01_2024-07-01.parquet
2025-07-07 16:55:47,962 - DataFetcher - INFO - Registros estimados: 4368
2025-07-07 16:55:47,963 - DataFetcher - INFO - Descargando datos con paginación: 2024-01-01 - 2024-07-01
2025-07-07 16:55:48,920 - DataFetcher - INFO - Procesados 200 registros
2025-07-07 16:55:50,252 - DataFetcher - INFO - Procesados 200 registros
2025-07-07 16:55:51,965 - DataFetcher - INFO - Procesados 200 registros
2025-07-07 16:55:53,042 - DataFetcher - INFO - Procesados 200 registros
2025-07-07 16:55:54,248 - DataFetcher - INFO - Procesados 200 registros
2025-07-07 16:55:55,298 - DataFetcher - INFO - Procesados 200 registros
2025-07-07 16:55:56,397 - DataFetcher - INFO - Procesados 200 registros
2025-07-07 16:55:57,472 - DataFetcher - INFO - Procesados 200 registros
2025-07-07 16:55:58,480 - DataFetcher - INFO - Procesados 200 registros
2025-07-07 16:55:59,481 - DataFetcher - INFO - Procesados 200 registros
2025-07-07 16:56:00,495 - DataFetcher - INFO - Procesados 200 registros
2025-07-07 16:56:01,724 - DataFetcher - INFO - Procesados 200 registros
2025-07-07 16:56:03,154 - DataFetcher - INFO - Procesados 200 registros
2025-07-07 16:56:04,280 - DataFetcher - INFO - Procesados 200 registros
2025-07-07 16:56:05,406 - DataFetcher - INFO - Procesados 200 registros
2025-07-07 16:56:06,433 - DataFetcher - INFO - Procesados 200 registros
2025-07-07 16:56:07,761 - DataFetcher - INFO - Procesados 200 registros
2025-07-07 16:56:08,812 - DataFetcher - INFO - Procesados 200 registros
2025-07-07 16:56:09,914 - DataFetcher - INFO - Procesados 200 registros
2025-07-07 16:56:10,909 - DataFetcher - INFO - Procesados 200 registros
2025-07-07 16:56:12,491 - DataFetcher - INFO - Procesados 200 registros
2025-07-07 16:56:13,597 - DataFetcher - INFO - Procesados 200 registros
2025-07-07 16:56:13,707 - Pipeline - INFO - Datos descargados exitosamente. Registros: 4348
2025-07-07 16:56:13,707 - Pipeline - INFO - PASO2: Cálculo de features (feature_engine)
2025-07-07 16:56:13,708 - src.feature_engine - INFO - FeatureEngine inicializado con 4348 registros
2025-07-07 16:56:13,715 - src.feature_engine - INFO - Feature 'rsi_period14' añadido exitosamente
2025-07-07 16:56:13,719 - src.feature_engine - INFO - Añadido indicador múltiple bollinger_bands con 5 features
2025-07-07 16:56:13,722 - src.feature_engine - INFO - Serie ema normalizada con standard
2025-07-07 16:56:13,722 - src.feature_engine - INFO - Feature 'ema_period12' añadido exitosamente
2025-07-07 16:56:13,724 - src.feature_engine - INFO - Serie ema normalizada con standard
2025-07-07 16:56:13,725 - src.feature_engine - INFO - Feature 'ema_period26' añadido exitosamente
2025-07-07 16:56:13,726 - src.feature_engine - WARNING - Valores faltantes detectados en sma, aplicando imputación
2025-07-07 16:56:13,728 - src.feature_engine - INFO - Serie sma normalizada con standard
2025-07-07 16:56:13,729 - src.feature_engine - INFO - Feature 'sma_period20' añadido exitosamente
2025-07-07 16:56:13,750 - src.feature_engine - INFO - Features exportados a: data\processed\features_BTCUSDT_1h_2024-01-01_2024-07-01.parquet
2025-07-07 16:56:13,750 - Pipeline - INFO - PASO2: Features generados y exportados correctamente a data/processed/features_BTCUSDT_1h_2024-01-01_2024-07-01.parquet
2025-07-07 16:56:13,751 - Pipeline - INFO - PASO3: Ejecución de la estrategia Random Forest (strategy.py)
2025-07-07 16:56:13,758 - src.utils - INFO - Configuración cargada exitosamente desde: C:\Users\DELL-LATITUDE\Documents\My_Projects\PYTHON\trading_quantitative\config\config.yaml
2025-07-07 16:56:13,821 - src.strategy - INFO - Features cargados desde data/processed/features_BTCUSDT_1h_2024-01-01_2024-07-01.parquet con shape (4329, 10)
2025-07-07 16:56:24,295 - src.strategy - INFO - Mejores parámetros encontrados: {'max_depth': 3, 'n_estimators': 100}
2025-07-07 17:04:19,739 - src.strategy - INFO - Predicción con ventana móvil finalizada.
2025-07-07 17:04:19,749 - src.strategy - INFO - Métricas de validación: {'accuracy': 0.48417868776174966, 'precision': 0.4836172910262422, 'recall': 0.4836525849360901, 'f1': 0.48352420228413995}
2025-07-07 17:04:19,773 - src.strategy - INFO - Resultados exportados correctamente.
2025-07-07 17:04:19,774 - Pipeline - INFO - Estrategia ejecutada y señales generadas correctamente.
2025-07-07 17:04:19,774 - Pipeline - INFO - Pipeline finalizado.
